# JRE version: Java(TM) SE Runtime Environment 18.9 (11.0.19+9) (build 11.0.19+9-LTS-224)
# Java VM: Java HotSpot(TM) 64-Bit Server VM 18.9 (11.0.19+9-LTS-224, mixed mode, tiered, compressed oops, g1 gc, windows-amd64)
Heap:
 garbage-first heap   total 374784K, used 27933K [0x0000000702200000, 0x0000000800000000)
  region size 1024K, 13 young (13312K), 13 survivors (13312K)
 Metaspace       used 71288K, capacity 73178K, committed 73344K, reserved 1114112K
  class space    used 8298K, capacity 9062K, committed 9088K, reserved 1048576K
GC Heap History (10 events):
Event: 3.561 GC heap after
{Heap after GC invocations=6 (full 0):
 garbage-first heap   total 260096K, used 13471K [0x0000000702200000, 0x0000000800000000)
  region size 1024K, 9 young (9216K), 9 survivors (9216K)
 Metaspace       used 34380K, capacity 35435K, committed 35584K, reserved 1081344K
  class space    used 3664K, capacity 4086K, committed 4096K, reserved 1048576K
}
Event: 4.750 GC heap before
{Heap before GC invocations=7 (full 0):
 garbage-first heap   total 260096K, used 158879K [0x0000000702200000, 0x0000000800000000)
  region size 1024K, 152 young (155648K), 9 survivors (9216K)
 Metaspace       used 41137K, capacity 42355K, committed 42624K, reserved 1087488K
  class space    used 4458K, capacity 4978K, committed 4992K, reserved 1048576K
}
Event: 4.764 GC heap after
{Heap after GC invocations=8 (full 0):
 garbage-first heap   total 312320K, used 17058K [0x0000000702200000, 0x0000000800000000)
  region size 1024K, 13 young (13312K), 13 survivors (13312K)
 Metaspace       used 41137K, capacity 42355K, committed 42624K, reserved 1087488K
  class space    used 4458K, capacity 4978K, committed 4992K, reserved 1048576K
}
Event: 6.403 GC heap before
{Heap before GC invocations=8 (full 0):
 garbage-first heap   total 312320K, used 191138K [0x0000000702200000, 0x0000000800000000)
  region size 1024K, 183 young (187392K), 13 survivors (13312K)
 Metaspace       used 50689K, capacity 51997K, committed 52096K, reserved 1095680K
  class space    used 5681K, capacity 6206K, committed 6272K, reserved 1048576K
}
Event: 6.416 GC heap after
{Heap after GC invocations=9 (full 0):
 garbage-first heap   total 312320K, used 20156K [0x0000000702200000, 0x0000000800000000)
  region size 1024K, 13 young (13312K), 13 survivors (13312K)
 Metaspace       used 50689K, capacity 51997K, committed 52096K, reserved 1095680K
  class space    used 5681K, capacity 6206K, committed 6272K, reserved 1048576K
}
Event: 7.478 GC heap before
{Heap before GC invocations=9 (full 0):
 garbage-first heap   total 312320K, used 166588K [0x0000000702200000, 0x0000000800000000)
  region size 1024K, 157 young (160768K), 13 survivors (13312K)
 Metaspace       used 58170K, capacity 59436K, committed 59520K, reserved 1101824K
  class space    used 6616K, capacity 7126K, committed 7168K, reserved 1048576K
}
Event: 7.492 GC heap after
{Heap after GC invocations=10 (full 0):
 garbage-first heap   total 312320K, used 21776K [0x0000000702200000, 0x0000000800000000)
  region size 1024K, 13 young (13312K), 13 survivors (13312K)
 Metaspace       used 58170K, capacity 59436K, committed 59520K, reserved 1101824K
  class space    used 6616K, capacity 7126K, committed 7168K, reserved 1048576K
}
Event: 8.884 GC heap before
{Heap before GC invocations=11 (full 0):
 garbage-first heap   total 312320K, used 195856K [0x0000000702200000, 0x0000000800000000)
  region size 1024K, 183 young (187392K), 13 survivors (13312K)
 Metaspace       used 65283K, capacity 66995K, committed 67072K, reserved 1107968K
  class space    used 7504K, capacity 8176K, committed 8192K, reserved 1048576K
}
Event: 8.897 GC heap after
{Heap after GC invocations=12 (full 0):
 garbage-first heap   total 312320K, used 26186K [0x0000000702200000, 0x0000000800000000)
  region size 1024K, 17 young (17408K), 17 survivors (17408K)
 Metaspace       used 65283K, capacity 66995K, committed 67072K, reserved 1107968K
  class space    used 7504K, capacity 8176K, committed 8192K, reserved 1048576K
}
Event: 10.255 GC heap before
{Heap before GC invocations=12 (full 0):
 garbage-first heap   total 312320K, used 196170K [0x0000000702200000, 0x0000000800000000)
  region size 1024K, 183 young (187392K), 17 survivors (17408K)
 Metaspace       used 71288K, capacity 73178K, committed 73344K, reserved 1114112K
  class space    used 8298K, capacity 9062K, committed 9088K, reserved 1048576K
}

