# JRE version: Java(TM) SE Runtime Environment 18.9 (11.0.19+9) (build 11.0.19+9-LTS-224)
# Java VM: Java HotSpot(TM) 64-Bit Server VM 18.9 (11.0.19+9-LTS-224, mixed mode, tiered, compressed oops, g1 gc, windows-amd64)
Heap:
 garbage-first heap   total 312320K, used 13678K [0x0000000702200000, 0x0000000800000000)
  region size 1024K, 9 young (9216K), 9 survivors (9216K)
 Metaspace       used 34324K, capacity 35368K, committed 35584K, reserved 1081344K
  class space    used 3663K, capacity 4086K, committed 4096K, reserved 1048576K
GC Heap History (9 events):
Event: 0.426 GC heap before
{Heap before GC invocations=0 (full 0):
 garbage-first heap   total 260096K, used 24576K [0x0000000702200000, 0x0000000800000000)
  region size 1024K, 24 young (24576K), 0 survivors (0K)
 Metaspace       used 10655K, capacity 10892K, committed 11008K, reserved 1058816K
  class space    used 961K, capacity 1012K, committed 1024K, reserved 1048576K
}
Event: 0.430 GC heap after
{Heap after GC invocations=1 (full 0):
 garbage-first heap   total 260096K, used 7761K [0x0000000702200000, 0x0000000800000000)
  region size 1024K, 3 young (3072K), 3 survivors (3072K)
 Metaspace       used 10655K, capacity 10892K, committed 11008K, reserved 1058816K
  class space    used 961K, capacity 1012K, committed 1024K, reserved 1048576K
}
Event: 1.836 GC heap before
{Heap before GC invocations=1 (full 0):
 garbage-first heap   total 260096K, used 152145K [0x0000000702200000, 0x0000000800000000)
  region size 1024K, 145 young (148480K), 3 survivors (3072K)
 Metaspace       used 20517K, capacity 21121K, committed 21248K, reserved 1069056K
  class space    used 2056K, capacity 2275K, committed 2304K, reserved 1048576K
}
Event: 1.843 GC heap after
{Heap after GC invocations=2 (full 0):
 garbage-first heap   total 260096K, used 9346K [0x0000000702200000, 0x0000000800000000)
  region size 1024K, 5 young (5120K), 5 survivors (5120K)
 Metaspace       used 20517K, capacity 21121K, committed 21248K, reserved 1069056K
  class space    used 2056K, capacity 2275K, committed 2304K, reserved 1048576K
}
Event: 2.429 GC heap before
{Heap before GC invocations=3 (full 0):
 garbage-first heap   total 260096K, used 112770K [0x0000000702200000, 0x0000000800000000)
  region size 1024K, 106 young (108544K), 5 survivors (5120K)
 Metaspace       used 25663K, capacity 26497K, committed 26624K, reserved 1073152K
  class space    used 2711K, capacity 3039K, committed 3072K, reserved 1048576K
}
Event: 2.437 GC heap after
{Heap after GC invocations=4 (full 0):
 garbage-first heap   total 260096K, used 11203K [0x0000000702200000, 0x0000000800000000)
  region size 1024K, 7 young (7168K), 7 survivors (7168K)
 Metaspace       used 25663K, capacity 26497K, committed 26624K, reserved 1073152K
  class space    used 2711K, capacity 3039K, committed 3072K, reserved 1048576K
}
Event: 2.835 GC heap before
{Heap before GC invocations=4 (full 0):
 garbage-first heap   total 260096K, used 159683K [0x0000000702200000, 0x0000000800000000)
  region size 1024K, 152 young (155648K), 7 survivors (7168K)
 Metaspace       used 31308K, capacity 32202K, committed 32384K, reserved 1077248K
  class space    used 3314K, capacity 3658K, committed 3712K, reserved 1048576K
}
Event: 2.842 GC heap after
{Heap after GC invocations=5 (full 0):
 garbage-first heap   total 260096K, used 12753K [0x0000000702200000, 0x0000000800000000)
  region size 1024K, 8 young (8192K), 8 survivors (8192K)
 Metaspace       used 31308K, capacity 32202K, committed 32384K, reserved 1077248K
  class space    used 3314K, capacity 3658K, committed 3712K, reserved 1048576K
}
Event: 3.408 GC heap before
{Heap before GC invocations=5 (full 0):
 garbage-first heap   total 260096K, used 79313K [0x0000000702200000, 0x0000000800000000)
  region size 1024K, 74 young (75776K), 8 survivors (8192K)
 Metaspace       used 34324K, capacity 35368K, committed 35584K, reserved 1081344K
  class space    used 3663K, capacity 4086K, committed 4096K, reserved 1048576K
}

