# JRE version: Java(TM) SE Runtime Environment 18.9 (11.0.19+9) (build 11.0.19+9-LTS-224)
# Java VM: Java HotSpot(TM) 64-Bit Server VM 18.9 (11.0.19+9-LTS-224, mixed mode, tiered, compressed oops, g1 gc, windows-amd64)
Heap:
 garbage-first heap   total 312320K, used 120832K [0x0000000702200000, 0x0000000800000000)
  region size 1024K, 101 young (103424K), 14 survivors (14336K)
 Metaspace       used 38750K, capacity 39881K, committed 40140K, reserved 1085440K
  class space    used 4132K, capacity 4513K, committed 4556K, reserved 1048576K
GC Heap History (10 events):
Event: 0.615 GC heap before
{Heap before GC invocations=0 (full 0):
 garbage-first heap   total 260096K, used 24576K [0x0000000702200000, 0x0000000800000000)
  region size 1024K, 24 young (24576K), 0 survivors (0K)
 Metaspace       used 13712K, capacity 14020K, committed 14080K, reserved 1062912K
  class space    used 1404K, capacity 1490K, committed 1536K, reserved 1048576K
}
Event: 0.619 GC heap after
{Heap after GC invocations=1 (full 0):
 garbage-first heap   total 260096K, used 3739K [0x0000000702200000, 0x0000000800000000)
  region size 1024K, 3 young (3072K), 3 survivors (3072K)
 Metaspace       used 13712K, capacity 14020K, committed 14080K, reserved 1062912K
  class space    used 1404K, capacity 1490K, committed 1536K, reserved 1048576K
}
Event: 1.445 GC heap before
{Heap before GC invocations=1 (full 0):
 garbage-first heap   total 260096K, used 60059K [0x0000000702200000, 0x0000000800000000)
  region size 1024K, 59 young (60416K), 3 survivors (3072K)
 Metaspace       used 20742K, capacity 21141K, committed 21248K, reserved 1069056K
  class space    used 2310K, capacity 2469K, committed 2560K, reserved 1048576K
}
Event: 1.451 GC heap after
{Heap after GC invocations=2 (full 0):
 garbage-first heap   total 260096K, used 6809K [0x0000000702200000, 0x0000000800000000)
  region size 1024K, 6 young (6144K), 6 survivors (6144K)
 Metaspace       used 20742K, capacity 21141K, committed 21248K, reserved 1069056K
  class space    used 2310K, capacity 2469K, committed 2560K, reserved 1048576K
}
Event: 2.289 GC heap before
{Heap before GC invocations=3 (full 0):
 garbage-first heap   total 260096K, used 70297K [0x0000000702200000, 0x0000000800000000)
  region size 1024K, 68 young (69632K), 6 survivors (6144K)
 Metaspace       used 24237K, capacity 24842K, committed 25088K, reserved 1071104K
  class space    used 2631K, capacity 2807K, committed 2816K, reserved 1048576K
}
Event: 2.301 GC heap after
{Heap after GC invocations=4 (full 0):
 garbage-first heap   total 260096K, used 12811K [0x0000000702200000, 0x0000000800000000)
  region size 1024K, 9 young (9216K), 9 survivors (9216K)
 Metaspace       used 24237K, capacity 24842K, committed 25088K, reserved 1071104K
  class space    used 2631K, capacity 2807K, committed 2816K, reserved 1048576K
}
Event: 3.319 GC heap before
{Heap before GC invocations=4 (full 0):
 garbage-first heap   total 260096K, used 94731K [0x0000000702200000, 0x0000000800000000)
  region size 1024K, 89 young (91136K), 9 survivors (9216K)
 Metaspace       used 26676K, capacity 27531K, committed 27776K, reserved 1073152K
  class space    used 2813K, capacity 3083K, committed 3200K, reserved 1048576K
}
Event: 3.330 GC heap after
{Heap after GC invocations=5 (full 0):
 garbage-first heap   total 260096K, used 17604K [0x0000000702200000, 0x0000000800000000)
  region size 1024K, 5 young (5120K), 5 survivors (5120K)
 Metaspace       used 26676K, capacity 27531K, committed 27776K, reserved 1073152K
  class space    used 2813K, capacity 3083K, committed 3200K, reserved 1048576K
}
Event: 4.203 GC heap before
{Heap before GC invocations=5 (full 0):
 garbage-first heap   total 260096K, used 71876K [0x0000000702200000, 0x0000000800000000)
  region size 1024K, 57 young (58368K), 5 survivors (5120K)
 Metaspace       used 34763K, capacity 35793K, committed 35840K, reserved 1081344K
  class space    used 3748K, capacity 4084K, committed 4096K, reserved 1048576K
}
Event: 4.215 GC heap after
{Heap after GC invocations=6 (full 0):
 garbage-first heap   total 312320K, used 32768K [0x0000000702200000, 0x0000000800000000)
  region size 1024K, 14 young (14336K), 14 survivors (14336K)
 Metaspace       used 34763K, capacity 35793K, committed 35840K, reserved 1081344K
  class space    used 3748K, capacity 4084K, committed 4096K, reserved 1048576K
}

